<?xml version="1.0" encoding="utf-8"?>
<xsl:stylesheet version="1.0"
	xmlns:xsl="http://www.w3.org/1999/XSL/Transform">
	
	<xsl:output method="text"/>
	
	<xsl:param name="user" select="'anonymous'"/>
	
	<xsl:template match="/">
		<xsl:text>some text</xsl:text>
	</xsl:template>
	
</xsl:stylesheet>